[2025-12-25 13:28:02,295] INFO - Starting full ML pipeline
[2025-12-25 13:28:02,295] INFO - Reading data from data/raw/adult.csv
[2025-12-25 13:28:02,350] INFO - Data shape: (32561, 15)
[2025-12-25 13:28:02,353] INFO - Starting preprocessing
[2025-12-25 13:28:02,360] INFO - Categorical columns detected: ['workclass', 'education', 'marital-status', 'occupation', 'relationship', 'race', 'sex', 'native-country']
[2025-12-25 13:28:02,362] INFO - Encoded feature column: workclass
[2025-12-25 13:28:02,362] INFO - Encoded feature column: education
[2025-12-25 13:28:02,362] INFO - Encoded feature column: marital-status
[2025-12-25 13:28:02,376] INFO - Encoded feature column: occupation
[2025-12-25 13:28:02,376] INFO - Encoded feature column: relationship
[2025-12-25 13:28:02,376] INFO - Encoded feature column: race
[2025-12-25 13:28:02,391] INFO - Encoded feature column: sex
[2025-12-25 13:28:02,391] INFO - Encoded feature column: native-country
[2025-12-25 13:28:02,391] INFO - Target column 'income' encoded
[2025-12-25 13:28:02,407] INFO - Train-test split done | X_train: (26048, 14), X_test: (6513, 14)
[2025-12-25 13:28:02,407] INFO - No missing values found \u2192 skipped imputation
[2025-12-25 13:28:02,407] INFO - Feature scaling completed
[2025-12-25 13:28:02,407] INFO - Preprocessing completed successfully \u2705
[2025-12-25 13:28:02,407] INFO - Preprocessing completed
[2025-12-25 13:28:02,407] INFO - Scaler saved at: artifacts/scaler\scaler.joblib
