[2025-12-26 20:40:00,173] INFO - Starting full ML pipeline
[2025-12-26 20:40:00,177] INFO - Reading data from data/raw/adult.csv
[2025-12-26 20:40:00,228] INFO - Data shape: (32561, 15)
[2025-12-26 20:40:00,228] INFO - Starting preprocessing
[2025-12-26 20:40:00,231] INFO - Categorical columns detected: ['workclass', 'education', 'marital-status', 'occupation', 'relationship', 'race', 'sex', 'native-country']
[2025-12-26 20:40:00,233] INFO - Encoded feature column: workclass
[2025-12-26 20:40:00,239] INFO - Encoded feature column: education
[2025-12-26 20:40:00,239] INFO - Encoded feature column: marital-status
[2025-12-26 20:40:00,249] INFO - Encoded feature column: occupation
[2025-12-26 20:40:00,249] INFO - Encoded feature column: relationship
[2025-12-26 20:40:00,249] INFO - Encoded feature column: race
[2025-12-26 20:40:00,249] INFO - Encoded feature column: sex
[2025-12-26 20:40:00,264] INFO - Encoded feature column: native-country
[2025-12-26 20:40:00,264] INFO - Target column 'income' encoded
[2025-12-26 20:40:00,280] INFO - Train-test split done | X_train: (26048, 14), X_test: (6513, 14)
[2025-12-26 20:40:00,280] INFO - No missing values found \u2192 skipped imputation
[2025-12-26 20:40:00,280] INFO - Feature scaling completed
[2025-12-26 20:40:00,280] INFO - Preprocessing completed successfully \u2705
[2025-12-26 20:40:00,280] INFO - Preprocessing completed
[2025-12-26 20:40:00,280] INFO - Scaler saved at: artifacts/scaler\scaler.joblib
